2019-02-15 10:50:13.782  INFO 4156 --- [restartedMain] m.i.user.ProviderUserApplication         : Starting ProviderUserApplication on DESKTOP-MNP6JCJ with PID 4156 (D:\code\springcloud\demo-provider-user\target\classes started by importtao in D:\code\springcloud)
2019-02-15 10:50:13.785  INFO 4156 --- [restartedMain] m.i.user.ProviderUserApplication         : The following profiles are active: dev,dev_redis
2019-02-15 10:50:13.839  INFO 4156 --- [restartedMain] .e.DevToolsPropertyDefaultsPostProcessor : Devtools property defaults active! Set 'spring.devtools.add-properties' to 'false' to disable
2019-02-15 10:50:13.839  INFO 4156 --- [restartedMain] .e.DevToolsPropertyDefaultsPostProcessor : For additional web related logging consider setting the 'logging.level.web' property to 'DEBUG'
2019-02-15 10:50:14.629  WARN 4156 --- [restartedMain] o.m.s.mapper.ClassPathMapperScanner      : No MyBatis mapper was found in '[me.importtao.user.*.dao]' package. Please check your configuration.
2019-02-15 10:50:14.766  WARN 4156 --- [restartedMain] o.m.s.mapper.ClassPathMapperScanner      : No MyBatis mapper was found in '[me.importtao.user]' package. Please check your configuration.
2019-02-15 10:50:15.009  INFO 4156 --- [restartedMain] .s.d.r.c.RepositoryConfigurationDelegate : Multiple Spring Data modules found, entering strict repository configuration mode!
2019-02-15 10:50:15.010  INFO 4156 --- [restartedMain] .s.d.r.c.RepositoryConfigurationDelegate : Bootstrapping Spring Data repositories in DEFAULT mode.
2019-02-15 10:50:15.024  INFO 4156 --- [restartedMain] .s.d.r.c.RepositoryConfigurationDelegate : Finished Spring Data repository scanning in 8ms. Found 0 repository interfaces.
2019-02-15 10:50:15.035  INFO 4156 --- [restartedMain] .s.d.r.c.RepositoryConfigurationDelegate : Multiple Spring Data modules found, entering strict repository configuration mode!
2019-02-15 10:50:15.036  INFO 4156 --- [restartedMain] .s.d.r.c.RepositoryConfigurationDelegate : Bootstrapping Spring Data repositories in DEFAULT mode.
2019-02-15 10:50:15.047  INFO 4156 --- [restartedMain] .s.d.r.c.RepositoryConfigurationDelegate : Finished Spring Data repository scanning in 2ms. Found 0 repository interfaces.
2019-02-15 10:50:15.518  INFO 4156 --- [restartedMain] trationDelegate$BeanPostProcessorChecker : Bean 'org.springframework.transaction.annotation.ProxyTransactionManagementConfiguration' of type [org.springframework.transaction.annotation.ProxyTransactionManagementConfiguration$$EnhancerBySpringCGLIB$$c6c5321a] is not eligible for getting processed by all BeanPostProcessors (for example: not eligible for auto-proxying)
2019-02-15 10:50:16.029  INFO 4156 --- [restartedMain] o.s.b.w.embedded.tomcat.TomcatWebServer  : Tomcat initialized with port(s): 8000 (http)
2019-02-15 10:50:16.049  INFO 4156 --- [restartedMain] o.apache.catalina.core.StandardService   : Starting service [Tomcat]
2019-02-15 10:50:16.049  INFO 4156 --- [restartedMain] org.apache.catalina.core.StandardEngine  : Starting Servlet Engine: Apache Tomcat/9.0.13
2019-02-15 10:50:16.056  INFO 4156 --- [restartedMain] o.a.catalina.core.AprLifecycleListener   : The APR based Apache Tomcat Native library which allows optimal performance in production environments was not found on the java.library.path: [C:\Program Files\Java\jdk1.8.0_201\bin;C:\Windows\Sun\Java\bin;C:\Windows\system32;C:\Windows;C:\Program Files (x86)\Common Files\Oracle\Java\javapath;C:\Windows\system32;C:\Windows;C:\Windows\System32\Wbem;C:\Windows\System32\WindowsPowerShell\v1.0\;C:\Windows\System32\OpenSSH\;D:\developer\install\apache-maven-3.5.0\bin;C:\Program Files\TortoiseSVN\bin;D:\appInstall\Git\cmd;C:\Users\importtao\AppData\Local\Microsoft\WindowsApps;.]
2019-02-15 10:50:16.156  INFO 4156 --- [restartedMain] o.a.c.c.C.[Tomcat].[localhost].[/]       : Initializing Spring embedded WebApplicationContext
2019-02-15 10:50:16.156  INFO 4156 --- [restartedMain] o.s.web.context.ContextLoader            : Root WebApplicationContext: initialization completed in 2317 ms
2019-02-15 10:50:16.958  INFO 4156 --- [restartedMain] com.zaxxer.hikari.HikariDataSource       : HikariPool-1 - Starting...
2019-02-15 10:50:16.960  WARN 4156 --- [restartedMain] com.zaxxer.hikari.util.DriverDataSource  : Registered driver with driverClassName=com.mysql.jdbc.Driver was not found, trying direct instantiation.
2019-02-15 10:50:17.077  INFO 4156 --- [restartedMain] com.zaxxer.hikari.HikariDataSource       : HikariPool-1 - Start completed.
2019-02-15 10:50:17.124  INFO 4156 --- [restartedMain] o.hibernate.jpa.internal.util.LogHelper  : HHH000204: Processing PersistenceUnitInfo [
	name: default
	...]
2019-02-15 10:50:17.202  INFO 4156 --- [restartedMain] org.hibernate.Version                    : HHH000412: Hibernate Core {5.3.7.Final}
2019-02-15 10:50:17.206  INFO 4156 --- [restartedMain] org.hibernate.cfg.Environment            : HHH000206: hibernate.properties not found
2019-02-15 10:50:17.368  INFO 4156 --- [restartedMain] o.hibernate.annotations.common.Version   : HCANN000001: Hibernate Commons Annotations {5.0.4.Final}
2019-02-15 10:50:17.506  INFO 4156 --- [restartedMain] org.hibernate.dialect.Dialect            : HHH000400: Using dialect: org.hibernate.dialect.MySQL5Dialect
2019-02-15 10:50:17.673  INFO 4156 --- [restartedMain] j.LocalContainerEntityManagerFactoryBean : Initialized JPA EntityManagerFactory for persistence unit 'default'
2019-02-15 10:50:17.773  INFO 4156 --- [restartedMain] org.quartz.impl.StdSchedulerFactory      : Using default implementation for ThreadExecutor
2019-02-15 10:50:17.775  INFO 4156 --- [restartedMain] org.quartz.simpl.SimpleThreadPool        : Job execution threads will use class loader of thread: restartedMain
2019-02-15 10:50:17.783  INFO 4156 --- [restartedMain] org.quartz.core.SchedulerSignalerImpl    : Initialized Scheduler Signaller of type: class org.quartz.core.SchedulerSignalerImpl
2019-02-15 10:50:17.783  INFO 4156 --- [restartedMain] org.quartz.core.QuartzScheduler          : Quartz Scheduler v.2.3.0 created.
2019-02-15 10:50:17.786  INFO 4156 --- [restartedMain] o.s.s.quartz.LocalDataSourceJobStore     : Using db table-based data access locking (synchronization).
2019-02-15 10:50:17.788  INFO 4156 --- [restartedMain] o.s.s.quartz.LocalDataSourceJobStore     : JobStoreCMT initialized.
2019-02-15 10:50:17.788  INFO 4156 --- [restartedMain] org.quartz.core.QuartzScheduler          : Scheduler meta-data: Quartz Scheduler (v2.3.0) 'quartzScheduler' with instanceId 'DESKTOP-MNP6JCJ1550199017774'
  Scheduler class: 'org.quartz.core.QuartzScheduler' - running locally.
  NOT STARTED.
  Currently in standby mode.
  Number of jobs executed: 0
  Using thread pool 'org.quartz.simpl.SimpleThreadPool' - with 10 threads.
  Using job-store 'org.springframework.scheduling.quartz.LocalDataSourceJobStore' - which supports persistence. and is clustered.

2019-02-15 10:50:17.789  INFO 4156 --- [restartedMain] org.quartz.impl.StdSchedulerFactory      : Quartz scheduler 'quartzScheduler' initialized from an externally provided properties instance.
2019-02-15 10:50:17.789  INFO 4156 --- [restartedMain] org.quartz.impl.StdSchedulerFactory      : Quartz scheduler version: 2.3.0
2019-02-15 10:50:17.789  INFO 4156 --- [restartedMain] org.quartz.core.QuartzScheduler          : JobFactory set to: me.importtao.user.config.QuartzConfiguration$AutowiringSpringBeanJobFactory@4e8e9a41
2019-02-15 10:50:18.063  INFO 4156 --- [restartedMain] o.s.s.concurrent.ThreadPoolTaskExecutor  : Initializing ExecutorService 'applicationTaskExecutor'
2019-02-15 10:50:18.130  WARN 4156 --- [restartedMain] aWebConfiguration$JpaWebMvcConfiguration : spring.jpa.open-in-view is enabled by default. Therefore, database queries may be performed during view rendering. Explicitly configure spring.jpa.open-in-view to disable this warning
2019-02-15 10:50:18.327  WARN 4156 --- [restartedMain] o.mybatis.spring.SqlSessionFactoryBean   : Can't find class in '[me.importtao.user.*.entity]' package. Please check your configuration.
2019-02-15 10:50:18.731  INFO 4156 --- [restartedMain] io.lettuce.core.EpollProvider            : Starting without optional epoll library
2019-02-15 10:50:18.734  INFO 4156 --- [restartedMain] io.lettuce.core.KqueueProvider           : Starting without optional kqueue library
2019-02-15 10:50:19.270  INFO 4156 --- [restartedMain] o.s.b.d.a.OptionalLiveReloadServer       : LiveReload server is running on port 35729
2019-02-15 10:50:19.281  INFO 4156 --- [restartedMain] o.s.b.a.e.web.EndpointLinksResolver      : Exposing 2 endpoint(s) beneath base path '/actuator'
2019-02-15 10:50:19.344  INFO 4156 --- [restartedMain] o.s.s.quartz.SchedulerFactoryBean        : Will start Quartz Scheduler [quartzScheduler] in 2 seconds
2019-02-15 10:50:19.936  INFO 4156 --- [restartedMain] s.a.ScheduledAnnotationBeanPostProcessor : No TaskScheduler/ScheduledExecutorService bean found for scheduled processing
2019-02-15 10:50:19.961  INFO 4156 --- [restartedMain] o.s.b.w.embedded.tomcat.TomcatWebServer  : Tomcat started on port(s): 8000 (http) with context path ''
2019-02-15 10:50:19.964  INFO 4156 --- [restartedMain] m.i.user.ProviderUserApplication         : Started ProviderUserApplication in 7.059 seconds (JVM running for 8.249)
2019-02-15 10:50:20.582  INFO 4156 --- [RMI TCP Connection(8)-127.0.0.1] o.a.c.c.C.[Tomcat].[localhost].[/]       : Initializing Spring DispatcherServlet 'dispatcherServlet'
2019-02-15 10:50:20.583  INFO 4156 --- [RMI TCP Connection(8)-127.0.0.1] o.s.web.servlet.DispatcherServlet        : Initializing Servlet 'dispatcherServlet'
2019-02-15 10:50:20.593  INFO 4156 --- [RMI TCP Connection(8)-127.0.0.1] o.s.web.servlet.DispatcherServlet        : Completed initialization in 10 ms
2019-02-15 10:50:21.346  INFO 4156 --- [Quartz Scheduler [quartzScheduler]] o.s.s.quartz.SchedulerFactoryBean        : Starting Quartz Scheduler now, after delay of 2 seconds
2019-02-15 10:50:21.373  INFO 4156 --- [Quartz Scheduler [quartzScheduler]] o.s.s.quartz.LocalDataSourceJobStore     : ClusterManager: detected 1 failed or restarted instances.
2019-02-15 10:50:21.373  INFO 4156 --- [Quartz Scheduler [quartzScheduler]] o.s.s.quartz.LocalDataSourceJobStore     : ClusterManager: Scanning for instance "DESKTOP-MNP6JCJ1550132305313"'s failed in-progress jobs.
2019-02-15 10:50:21.403  INFO 4156 --- [Quartz Scheduler [quartzScheduler]] o.s.s.quartz.LocalDataSourceJobStore     : ClusterManager: ......Freed 1 acquired trigger(s).
2019-02-15 10:50:21.423  INFO 4156 --- [Quartz Scheduler [quartzScheduler]] org.quartz.core.QuartzScheduler          : Scheduler quartzScheduler_$_DESKTOP-MNP6JCJ1550199017774 started.
2019-02-15 10:50:21.435  INFO 4156 --- [QuartzScheduler_quartzScheduler-DESKTOP-MNP6JCJ1550199017774_MisfireHandler] o.s.s.quartz.LocalDataSourceJobStore     : Handling 1 trigger(s) that missed their scheduled fire-time.
2019-02-15 10:50:21.458 ERROR 4156 --- [QuartzScheduler_quartzScheduler-DESKTOP-MNP6JCJ1550199017774_MisfireHandler] o.s.s.quartz.LocalDataSourceJobStore     : MisfireHandler: Error handling misfires: Couldn't store trigger 'test1.ct' for 'test1.ct' job:Couldn't retrieve job because a required class was not found: me.importtao.user.quartz.job.HelloJob

org.quartz.JobPersistenceException: Couldn't store trigger 'test1.ct' for 'test1.ct' job:Couldn't retrieve job because a required class was not found: me.importtao.user.quartz.job.HelloJob
	at org.quartz.impl.jdbcjobstore.JobStoreSupport.storeTrigger(JobStoreSupport.java:1228) ~[quartz-2.3.0.jar:na]
	at org.quartz.impl.jdbcjobstore.JobStoreSupport.doUpdateOfMisfiredTrigger(JobStoreSupport.java:1042) ~[quartz-2.3.0.jar:na]
	at org.quartz.impl.jdbcjobstore.JobStoreSupport.recoverMisfiredJobs(JobStoreSupport.java:991) ~[quartz-2.3.0.jar:na]
	at org.quartz.impl.jdbcjobstore.JobStoreSupport.doRecoverMisfires(JobStoreSupport.java:3249) ~[quartz-2.3.0.jar:na]
	at org.quartz.impl.jdbcjobstore.JobStoreSupport$MisfireHandler.manage(JobStoreSupport.java:3997) [quartz-2.3.0.jar:na]
	at org.quartz.impl.jdbcjobstore.JobStoreSupport$MisfireHandler.run(JobStoreSupport.java:4018) [quartz-2.3.0.jar:na]
Caused by: org.quartz.JobPersistenceException: Couldn't retrieve job because a required class was not found: me.importtao.user.quartz.job.HelloJob
	at org.quartz.impl.jdbcjobstore.JobStoreSupport.retrieveJob(JobStoreSupport.java:1393) ~[quartz-2.3.0.jar:na]
	at org.quartz.impl.jdbcjobstore.JobStoreSupport.storeTrigger(JobStoreSupport.java:1210) ~[quartz-2.3.0.jar:na]
	... 5 common frames omitted
Caused by: java.lang.ClassNotFoundException: me.importtao.user.quartz.job.HelloJob
	at java.net.URLClassLoader.findClass(URLClassLoader.java:382) ~[na:1.8.0_201]
	at java.lang.ClassLoader.loadClass(ClassLoader.java:424) ~[na:1.8.0_201]
	at sun.misc.Launcher$AppClassLoader.loadClass(Launcher.java:349) ~[na:1.8.0_201]
	at java.lang.ClassLoader.loadClass(ClassLoader.java:357) ~[na:1.8.0_201]
	at org.springframework.boot.devtools.restart.classloader.RestartClassLoader.loadClass(RestartClassLoader.java:148) ~[spring-boot-devtools-2.1.1.RELEASE.jar:2.1.1.RELEASE]
	at java.lang.ClassLoader.loadClass(ClassLoader.java:357) ~[na:1.8.0_201]
	at java.lang.Class.forName0(Native Method) ~[na:1.8.0_201]
	at java.lang.Class.forName(Class.java:348) ~[na:1.8.0_201]
	at org.springframework.util.ClassUtils.forName(ClassUtils.java:275) ~[spring-core-5.1.3.RELEASE.jar:5.1.3.RELEASE]
	at org.springframework.scheduling.quartz.ResourceLoaderClassLoadHelper.loadClass(ResourceLoaderClassLoadHelper.java:81) ~[spring-context-support-5.1.3.RELEASE.jar:5.1.3.RELEASE]
	at org.springframework.scheduling.quartz.ResourceLoaderClassLoadHelper.loadClass(ResourceLoaderClassLoadHelper.java:86) ~[spring-context-support-5.1.3.RELEASE.jar:5.1.3.RELEASE]
	at org.quartz.impl.jdbcjobstore.StdJDBCDelegate.selectJobDetail(StdJDBCDelegate.java:852) ~[quartz-2.3.0.jar:na]
	at org.quartz.impl.jdbcjobstore.JobStoreSupport.retrieveJob(JobStoreSupport.java:1390) ~[quartz-2.3.0.jar:na]
	... 6 common frames omitted

2019-02-15 10:51:21.433  INFO 4156 --- [QuartzScheduler_quartzScheduler-DESKTOP-MNP6JCJ1550199017774_MisfireHandler] o.s.s.quartz.LocalDataSourceJobStore     : Handling 1 trigger(s) that missed their scheduled fire-time.
2019-02-15 10:52:21.431  INFO 4156 --- [QuartzScheduler_quartzScheduler-DESKTOP-MNP6JCJ1550199017774_MisfireHandler] o.s.s.quartz.LocalDataSourceJobStore     : Handling 1 trigger(s) that missed their scheduled fire-time.
2019-02-15 10:53:21.432  INFO 4156 --- [QuartzScheduler_quartzScheduler-DESKTOP-MNP6JCJ1550199017774_MisfireHandler] o.s.s.quartz.LocalDataSourceJobStore     : Handling 1 trigger(s) that missed their scheduled fire-time.
2019-02-15 10:54:21.435  INFO 4156 --- [QuartzScheduler_quartzScheduler-DESKTOP-MNP6JCJ1550199017774_MisfireHandler] o.s.s.quartz.LocalDataSourceJobStore     : Handling 1 trigger(s) that missed their scheduled fire-time.
2019-02-15 10:54:21.442 ERROR 4156 --- [QuartzScheduler_quartzScheduler-DESKTOP-MNP6JCJ1550199017774_MisfireHandler] o.s.s.quartz.LocalDataSourceJobStore     : MisfireHandler: Error handling misfires: Couldn't retrieve trigger: No record found for selection of Trigger with key: 'test1.ct' and statement: SELECT * FROM QRTZ_CRON_TRIGGERS WHERE SCHED_NAME = 'quartzScheduler' AND TRIGGER_NAME = ? AND TRIGGER_GROUP = ?

org.quartz.JobPersistenceException: Couldn't retrieve trigger: No record found for selection of Trigger with key: 'test1.ct' and statement: SELECT * FROM QRTZ_CRON_TRIGGERS WHERE SCHED_NAME = 'quartzScheduler' AND TRIGGER_NAME = ? AND TRIGGER_GROUP = ?
	at org.quartz.impl.jdbcjobstore.JobStoreSupport.retrieveTrigger(JobStoreSupport.java:1538) ~[quartz-2.3.0.jar:na]
	at org.quartz.impl.jdbcjobstore.JobStoreSupport.recoverMisfiredJobs(JobStoreSupport.java:984) ~[quartz-2.3.0.jar:na]
	at org.quartz.impl.jdbcjobstore.JobStoreSupport.doRecoverMisfires(JobStoreSupport.java:3249) ~[quartz-2.3.0.jar:na]
	at org.quartz.impl.jdbcjobstore.JobStoreSupport$MisfireHandler.manage(JobStoreSupport.java:3997) [quartz-2.3.0.jar:na]
	at org.quartz.impl.jdbcjobstore.JobStoreSupport$MisfireHandler.run(JobStoreSupport.java:4018) [quartz-2.3.0.jar:na]
Caused by: java.lang.IllegalStateException: No record found for selection of Trigger with key: 'test1.ct' and statement: SELECT * FROM QRTZ_CRON_TRIGGERS WHERE SCHED_NAME = 'quartzScheduler' AND TRIGGER_NAME = ? AND TRIGGER_GROUP = ?
	at org.quartz.impl.jdbcjobstore.CronTriggerPersistenceDelegate.loadExtendedTriggerProperties(CronTriggerPersistenceDelegate.java:107) ~[quartz-2.3.0.jar:na]
	at org.quartz.impl.jdbcjobstore.StdJDBCDelegate.selectTrigger(StdJDBCDelegate.java:1819) ~[quartz-2.3.0.jar:na]
	at org.quartz.impl.jdbcjobstore.JobStoreSupport.retrieveTrigger(JobStoreSupport.java:1536) ~[quartz-2.3.0.jar:na]
	... 4 common frames omitted

2019-02-15 10:54:41.427  WARN 4156 --- [QuartzScheduler_quartzScheduler-DESKTOP-MNP6JCJ1550199017774_ClusterManager] o.s.s.quartz.LocalDataSourceJobStore     : This scheduler instance (DESKTOP-MNP6JCJ1550199017774) is still active but was recovered by another instance in the cluster.  This may cause inconsistent behavior.
2019-02-15 10:57:47.283  INFO 11188 --- [restartedMain] m.i.user.ProviderUserApplication         : Starting ProviderUserApplication on DESKTOP-MNP6JCJ with PID 11188 (D:\code\springcloud\demo-provider-user\target\classes started by importtao in D:\code\springcloud)
2019-02-15 10:57:47.287  INFO 11188 --- [restartedMain] m.i.user.ProviderUserApplication         : The following profiles are active: dev,dev_redis
2019-02-15 10:57:47.334  INFO 11188 --- [restartedMain] .e.DevToolsPropertyDefaultsPostProcessor : Devtools property defaults active! Set 'spring.devtools.add-properties' to 'false' to disable
2019-02-15 10:57:47.334  INFO 11188 --- [restartedMain] .e.DevToolsPropertyDefaultsPostProcessor : For additional web related logging consider setting the 'logging.level.web' property to 'DEBUG'
2019-02-15 10:57:48.458  INFO 11188 --- [restartedMain] .s.d.r.c.RepositoryConfigurationDelegate : Multiple Spring Data modules found, entering strict repository configuration mode!
2019-02-15 10:57:48.458  INFO 11188 --- [restartedMain] .s.d.r.c.RepositoryConfigurationDelegate : Bootstrapping Spring Data repositories in DEFAULT mode.
2019-02-15 10:57:48.483  INFO 11188 --- [restartedMain] .s.d.r.c.RepositoryConfigurationDelegate : Finished Spring Data repository scanning in 17ms. Found 0 repository interfaces.
2019-02-15 10:57:48.494  INFO 11188 --- [restartedMain] .s.d.r.c.RepositoryConfigurationDelegate : Multiple Spring Data modules found, entering strict repository configuration mode!
2019-02-15 10:57:48.495  INFO 11188 --- [restartedMain] .s.d.r.c.RepositoryConfigurationDelegate : Bootstrapping Spring Data repositories in DEFAULT mode.
2019-02-15 10:57:48.507  INFO 11188 --- [restartedMain] .s.d.r.c.RepositoryConfigurationDelegate : Finished Spring Data repository scanning in 5ms. Found 0 repository interfaces.
2019-02-15 10:57:48.972  INFO 11188 --- [restartedMain] trationDelegate$BeanPostProcessorChecker : Bean 'org.springframework.transaction.annotation.ProxyTransactionManagementConfiguration' of type [org.springframework.transaction.annotation.ProxyTransactionManagementConfiguration$$EnhancerBySpringCGLIB$$b85576e4] is not eligible for getting processed by all BeanPostProcessors (for example: not eligible for auto-proxying)
2019-02-15 10:57:49.465  INFO 11188 --- [restartedMain] o.s.b.w.embedded.tomcat.TomcatWebServer  : Tomcat initialized with port(s): 8000 (http)
2019-02-15 10:57:49.484  INFO 11188 --- [restartedMain] o.apache.catalina.core.StandardService   : Starting service [Tomcat]
2019-02-15 10:57:49.484  INFO 11188 --- [restartedMain] org.apache.catalina.core.StandardEngine  : Starting Servlet Engine: Apache Tomcat/9.0.13
2019-02-15 10:57:49.491  INFO 11188 --- [restartedMain] o.a.catalina.core.AprLifecycleListener   : The APR based Apache Tomcat Native library which allows optimal performance in production environments was not found on the java.library.path: [C:\Program Files\Java\jdk1.8.0_201\bin;C:\Windows\Sun\Java\bin;C:\Windows\system32;C:\Windows;C:\Program Files (x86)\Common Files\Oracle\Java\javapath;C:\Windows\system32;C:\Windows;C:\Windows\System32\Wbem;C:\Windows\System32\WindowsPowerShell\v1.0\;C:\Windows\System32\OpenSSH\;D:\developer\install\apache-maven-3.5.0\bin;C:\Program Files\TortoiseSVN\bin;D:\appInstall\Git\cmd;C:\Users\importtao\AppData\Local\Microsoft\WindowsApps;.]
2019-02-15 10:57:49.600  INFO 11188 --- [restartedMain] o.a.c.c.C.[Tomcat].[localhost].[/]       : Initializing Spring embedded WebApplicationContext
2019-02-15 10:57:49.601  INFO 11188 --- [restartedMain] o.s.web.context.ContextLoader            : Root WebApplicationContext: initialization completed in 2267 ms
2019-02-15 10:57:50.336  INFO 11188 --- [restartedMain] com.zaxxer.hikari.HikariDataSource       : HikariPool-1 - Starting...
2019-02-15 10:57:50.337  WARN 11188 --- [restartedMain] com.zaxxer.hikari.util.DriverDataSource  : Registered driver with driverClassName=com.mysql.jdbc.Driver was not found, trying direct instantiation.
2019-02-15 10:57:50.447  INFO 11188 --- [restartedMain] com.zaxxer.hikari.HikariDataSource       : HikariPool-1 - Start completed.
2019-02-15 10:57:50.500  INFO 11188 --- [restartedMain] o.hibernate.jpa.internal.util.LogHelper  : HHH000204: Processing PersistenceUnitInfo [
	name: default
	...]
2019-02-15 10:57:50.566  INFO 11188 --- [restartedMain] org.hibernate.Version                    : HHH000412: Hibernate Core {5.3.7.Final}
2019-02-15 10:57:50.568  INFO 11188 --- [restartedMain] org.hibernate.cfg.Environment            : HHH000206: hibernate.properties not found
2019-02-15 10:57:50.701  INFO 11188 --- [restartedMain] o.hibernate.annotations.common.Version   : HCANN000001: Hibernate Commons Annotations {5.0.4.Final}
2019-02-15 10:57:50.837  INFO 11188 --- [restartedMain] org.hibernate.dialect.Dialect            : HHH000400: Using dialect: org.hibernate.dialect.MySQL5Dialect
2019-02-15 10:57:51.002  INFO 11188 --- [restartedMain] j.LocalContainerEntityManagerFactoryBean : Initialized JPA EntityManagerFactory for persistence unit 'default'
2019-02-15 10:57:51.024  INFO 11188 --- [restartedMain] m.i.user.rocketmq.ProducerConfigure      : me.importtao.user.rocketmq.ProducerConfig$$EnhancerBySpringCGLIB$$8071ab37@307b034e
2019-02-15 10:57:51.025  INFO 11188 --- [restartedMain] m.i.user.rocketmq.ProducerConfigure      : defaultProducer 正在创建---------------------------------------
2019-02-15 10:57:51.195  INFO 11188 --- [restartedMain] m.i.user.rocketmq.ProducerConfigure      : rocketmq producer server开启成功---------------------------------.
2019-02-15 10:57:51.391  WARN 11188 --- [restartedMain] c.b.m.core.toolkit.TableInfoHelper       : Warn: Could not find @TableId in Class: me.importtao.user.quartz.entity.JobAndTrigger.
2019-02-15 10:57:51.557  INFO 11188 --- [restartedMain] org.quartz.impl.StdSchedulerFactory      : Using default implementation for ThreadExecutor
2019-02-15 10:57:51.558  INFO 11188 --- [restartedMain] org.quartz.simpl.SimpleThreadPool        : Job execution threads will use class loader of thread: restartedMain
2019-02-15 10:57:51.566  INFO 11188 --- [restartedMain] org.quartz.core.SchedulerSignalerImpl    : Initialized Scheduler Signaller of type: class org.quartz.core.SchedulerSignalerImpl
2019-02-15 10:57:51.566  INFO 11188 --- [restartedMain] org.quartz.core.QuartzScheduler          : Quartz Scheduler v.2.3.0 created.
2019-02-15 10:57:51.569  INFO 11188 --- [restartedMain] o.s.s.quartz.LocalDataSourceJobStore     : Using db table-based data access locking (synchronization).
2019-02-15 10:57:51.571  INFO 11188 --- [restartedMain] o.s.s.quartz.LocalDataSourceJobStore     : JobStoreCMT initialized.
2019-02-15 10:57:51.572  INFO 11188 --- [restartedMain] org.quartz.core.QuartzScheduler          : Scheduler meta-data: Quartz Scheduler (v2.3.0) 'quartzScheduler' with instanceId 'DESKTOP-MNP6JCJ1550199471558'
  Scheduler class: 'org.quartz.core.QuartzScheduler' - running locally.
  NOT STARTED.
  Currently in standby mode.
  Number of jobs executed: 0
  Using thread pool 'org.quartz.simpl.SimpleThreadPool' - with 10 threads.
  Using job-store 'org.springframework.scheduling.quartz.LocalDataSourceJobStore' - which supports persistence. and is clustered.

2019-02-15 10:57:51.572  INFO 11188 --- [restartedMain] org.quartz.impl.StdSchedulerFactory      : Quartz scheduler 'quartzScheduler' initialized from an externally provided properties instance.
2019-02-15 10:57:51.572  INFO 11188 --- [restartedMain] org.quartz.impl.StdSchedulerFactory      : Quartz scheduler version: 2.3.0
2019-02-15 10:57:51.572  INFO 11188 --- [restartedMain] org.quartz.core.QuartzScheduler          : JobFactory set to: me.importtao.user.config.QuartzConfiguration$AutowiringSpringBeanJobFactory@271e046c
2019-02-15 10:57:52.007  INFO 11188 --- [restartedMain] o.s.s.concurrent.ThreadPoolTaskExecutor  : Initializing ExecutorService 'applicationTaskExecutor'
2019-02-15 10:57:52.054  WARN 11188 --- [restartedMain] aWebConfiguration$JpaWebMvcConfiguration : spring.jpa.open-in-view is enabled by default. Therefore, database queries may be performed during view rendering. Explicitly configure spring.jpa.open-in-view to disable this warning
2019-02-15 10:57:52.692  INFO 11188 --- [restartedMain] o.s.b.d.a.OptionalLiveReloadServer       : LiveReload server is running on port 35729
2019-02-15 10:57:52.702  INFO 11188 --- [restartedMain] o.s.b.a.e.web.EndpointLinksResolver      : Exposing 2 endpoint(s) beneath base path '/actuator'
2019-02-15 10:57:52.768  INFO 11188 --- [restartedMain] o.s.s.quartz.SchedulerFactoryBean        : Will start Quartz Scheduler [quartzScheduler] in 2 seconds
2019-02-15 10:57:53.359  INFO 11188 --- [restartedMain] s.a.ScheduledAnnotationBeanPostProcessor : No TaskScheduler/ScheduledExecutorService bean found for scheduled processing
2019-02-15 10:57:53.367  INFO 11188 --- [restartedMain] m.i.u.rocketmq.DefaultConsumerConfigure  : 开启test:Tag1消费者-------------------
2019-02-15 10:57:53.367  INFO 11188 --- [restartedMain] m.i.u.rocketmq.DefaultConsumerConfigure  : me.importtao.user.rocketmq.ConsumerConfig$$EnhancerBySpringCGLIB$$aa545d1b@56850fd7
2019-02-15 10:57:53.425  INFO 11188 --- [restartedMain] m.i.u.rocketmq.DefaultConsumerConfigure  : rocketmq启动成功---------------------------------------
2019-02-15 10:57:53.447  INFO 11188 --- [restartedMain] o.s.b.w.embedded.tomcat.TomcatWebServer  : Tomcat started on port(s): 8000 (http) with context path ''
2019-02-15 10:57:53.451  INFO 11188 --- [restartedMain] m.i.user.ProviderUserApplication         : Started ProviderUserApplication in 6.776 seconds (JVM running for 7.581)
2019-02-15 10:57:53.746  INFO 11188 --- [RMI TCP Connection(2)-127.0.0.1] o.a.c.c.C.[Tomcat].[localhost].[/]       : Initializing Spring DispatcherServlet 'dispatcherServlet'
2019-02-15 10:57:53.746  INFO 11188 --- [RMI TCP Connection(2)-127.0.0.1] o.s.web.servlet.DispatcherServlet        : Initializing Servlet 'dispatcherServlet'
2019-02-15 10:57:53.755  INFO 11188 --- [RMI TCP Connection(2)-127.0.0.1] o.s.web.servlet.DispatcherServlet        : Completed initialization in 9 ms
2019-02-15 10:57:54.769  INFO 11188 --- [Quartz Scheduler [quartzScheduler]] o.s.s.quartz.SchedulerFactoryBean        : Starting Quartz Scheduler now, after delay of 2 seconds
2019-02-15 10:57:54.809  INFO 11188 --- [Quartz Scheduler [quartzScheduler]] o.s.s.quartz.LocalDataSourceJobStore     : ClusterManager: detected 1 failed or restarted instances.
2019-02-15 10:57:54.809  INFO 11188 --- [Quartz Scheduler [quartzScheduler]] o.s.s.quartz.LocalDataSourceJobStore     : ClusterManager: Scanning for instance "DESKTOP-MNP6JCJ1550199017774"'s failed in-progress jobs.
2019-02-15 10:57:54.867  INFO 11188 --- [Quartz Scheduler [quartzScheduler]] org.quartz.core.QuartzScheduler          : Scheduler quartzScheduler_$_DESKTOP-MNP6JCJ1550199471558 started.
